{"numFailedTestSuites":1,"numFailedTests":9,"numPassedTestSuites":2,"numPassedTests":28,"numPendingTestSuites":0,"numPendingTests":0,"numRuntimeErrorTestSuites":0,"numTodoTests":0,"numTotalTestSuites":3,"numTotalTests":37,"openHandles":[],"snapshot":{"added":0,"didUpdate":false,"failure":false,"filesAdded":0,"filesRemoved":0,"filesRemovedList":[],"filesUnmatched":0,"filesUpdated":0,"matched":0,"total":0,"unchecked":0,"uncheckedKeysByFile":[],"unmatched":0,"updated":0},"startTime":1637988386141,"success":false,"testResults":[{"assertionResults":[{"ancestorTitles":["Products Page"],"failureMessages":[],"fullName":"Products Page should have a header has logo with Link","location":null,"status":"passed","title":"should have a header has logo with Link"},{"ancestorTitles":["Products Page"],"failureMessages":[],"fullName":"Products Page should have login button route to login page","location":null,"status":"passed","title":"should have login button route to login page"},{"ancestorTitles":["Products Page"],"failureMessages":[],"fullName":"Products Page should have register button route to register page","location":null,"status":"passed","title":"should have register button route to register page"},{"ancestorTitles":["Products Page"],"failureMessages":[],"fullName":"Products Page should have a search bar","location":null,"status":"passed","title":"should have a search bar"},{"ancestorTitles":["Products Page"],"failureMessages":["TypeError: Cannot read property 'then' of undefined\n    at performSearch (/home/crio-user/workspace/saurabh3896-ME_QKART_FRONTEND_V2/src/components/Products.js:78:37)\n    at /home/crio-user/workspace/saurabh3896-ME_QKART_FRONTEND_V2/src/components/Products.js:100:49\n    at callback (/home/crio-user/2e0c869edb7d53496201aa72758e3caa82e62603dde03a8279545447b13e8684/node_modules/.pnpm/@jest+fake-timers@26.6.2/node_modules/@jest/fake-timers/build/legacyFakeTimers.js:565:32)\n    at FakeTimers._runTimerHandle (/home/crio-user/2e0c869edb7d53496201aa72758e3caa82e62603dde03a8279545447b13e8684/node_modules/.pnpm/@jest+fake-timers@26.6.2/node_modules/@jest/fake-timers/build/legacyFakeTimers.js:601:9)\n    at FakeTimers.advanceTimersByTime (/home/crio-user/2e0c869edb7d53496201aa72758e3caa82e62603dde03a8279545447b13e8684/node_modules/.pnpm/@jest+fake-timers@26.6.2/node_modules/@jest/fake-timers/build/legacyFakeTimers.js:292:14)\n    at Object.advanceTimersByTime (/home/crio-user/2e0c869edb7d53496201aa72758e3caa82e62603dde03a8279545447b13e8684/node_modules/.pnpm/jest-runtime@26.6.3/node_modules/jest-runtime/build/index.js:1797:26)\n    at /home/crio-user/2e0c869edb7d53496201aa72758e3caa82e62603dde03a8279545447b13e8684/node_modules/.pnpm/@testing-library+dom@7.31.2/node_modules/@testing-library/dom/dist/wait-for.js:67:14"],"fullName":"Products Page shows items on the products page load","location":null,"status":"failed","title":"shows items on the products page load"},{"ancestorTitles":["Products Page"],"failureMessages":["TypeError: Cannot read property 'then' of undefined\n    at performSearch (/home/crio-user/workspace/saurabh3896-ME_QKART_FRONTEND_V2/src/components/Products.js:78:37)\n    at /home/crio-user/workspace/saurabh3896-ME_QKART_FRONTEND_V2/src/components/Products.js:100:49\n    at callback (/home/crio-user/2e0c869edb7d53496201aa72758e3caa82e62603dde03a8279545447b13e8684/node_modules/.pnpm/@jest+fake-timers@26.6.2/node_modules/@jest/fake-timers/build/legacyFakeTimers.js:565:32)\n    at FakeTimers._runTimerHandle (/home/crio-user/2e0c869edb7d53496201aa72758e3caa82e62603dde03a8279545447b13e8684/node_modules/.pnpm/@jest+fake-timers@26.6.2/node_modules/@jest/fake-timers/build/legacyFakeTimers.js:601:9)\n    at FakeTimers.advanceTimersByTime (/home/crio-user/2e0c869edb7d53496201aa72758e3caa82e62603dde03a8279545447b13e8684/node_modules/.pnpm/@jest+fake-timers@26.6.2/node_modules/@jest/fake-timers/build/legacyFakeTimers.js:292:14)\n    at Object.advanceTimersByTime (/home/crio-user/2e0c869edb7d53496201aa72758e3caa82e62603dde03a8279545447b13e8684/node_modules/.pnpm/jest-runtime@26.6.3/node_modules/jest-runtime/build/index.js:1797:26)\n    at /home/crio-user/2e0c869edb7d53496201aa72758e3caa82e62603dde03a8279545447b13e8684/node_modules/.pnpm/@testing-library+dom@7.31.2/node_modules/@testing-library/dom/dist/wait-for.js:67:14"],"fullName":"Products Page should make a GET request to search","location":null,"status":"failed","title":"should make a GET request to search"},{"ancestorTitles":["Products Page"],"failureMessages":["TypeError: Cannot read property 'then' of undefined\n    at performSearch (/home/crio-user/workspace/saurabh3896-ME_QKART_FRONTEND_V2/src/components/Products.js:78:37)\n    at /home/crio-user/workspace/saurabh3896-ME_QKART_FRONTEND_V2/src/components/Products.js:100:49\n    at callback (/home/crio-user/2e0c869edb7d53496201aa72758e3caa82e62603dde03a8279545447b13e8684/node_modules/.pnpm/@jest+fake-timers@26.6.2/node_modules/@jest/fake-timers/build/legacyFakeTimers.js:565:32)\n    at FakeTimers._runTimerHandle (/home/crio-user/2e0c869edb7d53496201aa72758e3caa82e62603dde03a8279545447b13e8684/node_modules/.pnpm/@jest+fake-timers@26.6.2/node_modules/@jest/fake-timers/build/legacyFakeTimers.js:601:9)\n    at FakeTimers.advanceTimersByTime (/home/crio-user/2e0c869edb7d53496201aa72758e3caa82e62603dde03a8279545447b13e8684/node_modules/.pnpm/@jest+fake-timers@26.6.2/node_modules/@jest/fake-timers/build/legacyFakeTimers.js:292:14)\n    at Object.advanceTimersByTime (/home/crio-user/2e0c869edb7d53496201aa72758e3caa82e62603dde03a8279545447b13e8684/node_modules/.pnpm/jest-runtime@26.6.3/node_modules/jest-runtime/build/index.js:1797:26)\n    at /home/crio-user/2e0c869edb7d53496201aa72758e3caa82e62603dde03a8279545447b13e8684/node_modules/.pnpm/@testing-library+dom@7.31.2/node_modules/@testing-library/dom/dist/wait-for.js:67:14"],"fullName":"Products Page should show all products if search empty","location":null,"status":"failed","title":"should show all products if search empty"},{"ancestorTitles":["Products Page"],"failureMessages":["TypeError: Cannot read property 'then' of undefined\n    at performSearch (/home/crio-user/workspace/saurabh3896-ME_QKART_FRONTEND_V2/src/components/Products.js:78:37)\n    at /home/crio-user/workspace/saurabh3896-ME_QKART_FRONTEND_V2/src/components/Products.js:100:49\n    at callback (/home/crio-user/2e0c869edb7d53496201aa72758e3caa82e62603dde03a8279545447b13e8684/node_modules/.pnpm/@jest+fake-timers@26.6.2/node_modules/@jest/fake-timers/build/legacyFakeTimers.js:565:32)\n    at FakeTimers._runTimerHandle (/home/crio-user/2e0c869edb7d53496201aa72758e3caa82e62603dde03a8279545447b13e8684/node_modules/.pnpm/@jest+fake-timers@26.6.2/node_modules/@jest/fake-timers/build/legacyFakeTimers.js:601:9)\n    at FakeTimers.advanceTimersByTime (/home/crio-user/2e0c869edb7d53496201aa72758e3caa82e62603dde03a8279545447b13e8684/node_modules/.pnpm/@jest+fake-timers@26.6.2/node_modules/@jest/fake-timers/build/legacyFakeTimers.js:292:14)\n    at Object.advanceTimersByTime (/home/crio-user/2e0c869edb7d53496201aa72758e3caa82e62603dde03a8279545447b13e8684/node_modules/.pnpm/jest-runtime@26.6.3/node_modules/jest-runtime/build/index.js:1797:26)\n    at /home/crio-user/2e0c869edb7d53496201aa72758e3caa82e62603dde03a8279545447b13e8684/node_modules/.pnpm/@testing-library+dom@7.31.2/node_modules/@testing-library/dom/dist/wait-for.js:67:14"],"fullName":"Products Page should show matching products if found","location":null,"status":"failed","title":"should show matching products if found"},{"ancestorTitles":["Products Page"],"failureMessages":["TypeError: Cannot read property 'then' of undefined\n    at performSearch (/home/crio-user/workspace/saurabh3896-ME_QKART_FRONTEND_V2/src/components/Products.js:78:37)\n    at /home/crio-user/workspace/saurabh3896-ME_QKART_FRONTEND_V2/src/components/Products.js:100:49\n    at callback (/home/crio-user/2e0c869edb7d53496201aa72758e3caa82e62603dde03a8279545447b13e8684/node_modules/.pnpm/@jest+fake-timers@26.6.2/node_modules/@jest/fake-timers/build/legacyFakeTimers.js:565:32)\n    at FakeTimers._runTimerHandle (/home/crio-user/2e0c869edb7d53496201aa72758e3caa82e62603dde03a8279545447b13e8684/node_modules/.pnpm/@jest+fake-timers@26.6.2/node_modules/@jest/fake-timers/build/legacyFakeTimers.js:601:9)\n    at FakeTimers.advanceTimersByTime (/home/crio-user/2e0c869edb7d53496201aa72758e3caa82e62603dde03a8279545447b13e8684/node_modules/.pnpm/@jest+fake-timers@26.6.2/node_modules/@jest/fake-timers/build/legacyFakeTimers.js:292:14)\n    at Object.advanceTimersByTime (/home/crio-user/2e0c869edb7d53496201aa72758e3caa82e62603dde03a8279545447b13e8684/node_modules/.pnpm/jest-runtime@26.6.3/node_modules/jest-runtime/build/index.js:1797:26)\n    at /home/crio-user/2e0c869edb7d53496201aa72758e3caa82e62603dde03a8279545447b13e8684/node_modules/.pnpm/@testing-library+dom@7.31.2/node_modules/@testing-library/dom/dist/wait-for.js:67:14"],"fullName":"Products Page should 'No Products Found' if search string does get any items","location":null,"status":"failed","title":"should 'No Products Found' if search string does get any items"},{"ancestorTitles":["Products Page"],"failureMessages":["TypeError: Cannot read property 'then' of undefined\n    at performSearch (/home/crio-user/workspace/saurabh3896-ME_QKART_FRONTEND_V2/src/components/Products.js:78:37)\n    at /home/crio-user/workspace/saurabh3896-ME_QKART_FRONTEND_V2/src/components/Products.js:100:49\n    at callback (/home/crio-user/2e0c869edb7d53496201aa72758e3caa82e62603dde03a8279545447b13e8684/node_modules/.pnpm/@jest+fake-timers@26.6.2/node_modules/@jest/fake-timers/build/legacyFakeTimers.js:565:32)\n    at FakeTimers._runTimerHandle (/home/crio-user/2e0c869edb7d53496201aa72758e3caa82e62603dde03a8279545447b13e8684/node_modules/.pnpm/@jest+fake-timers@26.6.2/node_modules/@jest/fake-timers/build/legacyFakeTimers.js:601:9)\n    at FakeTimers.advanceTimersByTime (/home/crio-user/2e0c869edb7d53496201aa72758e3caa82e62603dde03a8279545447b13e8684/node_modules/.pnpm/@jest+fake-timers@26.6.2/node_modules/@jest/fake-timers/build/legacyFakeTimers.js:292:14)\n    at Object.advanceTimersByTime (/home/crio-user/2e0c869edb7d53496201aa72758e3caa82e62603dde03a8279545447b13e8684/node_modules/.pnpm/jest-runtime@26.6.3/node_modules/jest-runtime/build/index.js:1797:26)\n    at /home/crio-user/2e0c869edb7d53496201aa72758e3caa82e62603dde03a8279545447b13e8684/node_modules/.pnpm/@testing-library+dom@7.31.2/node_modules/@testing-library/dom/dist/wait-for.js:67:14"],"fullName":"Products Page updates search items as search string updates","location":null,"status":"failed","title":"updates search items as search string updates"},{"ancestorTitles":["Products Page: Logged in"],"failureMessages":["TypeError: Cannot read property 'then' of undefined\n    at performSearch (/home/crio-user/workspace/saurabh3896-ME_QKART_FRONTEND_V2/src/components/Products.js:78:37)\n    at /home/crio-user/workspace/saurabh3896-ME_QKART_FRONTEND_V2/src/components/Products.js:100:49\n    at callback (/home/crio-user/2e0c869edb7d53496201aa72758e3caa82e62603dde03a8279545447b13e8684/node_modules/.pnpm/@jest+fake-timers@26.6.2/node_modules/@jest/fake-timers/build/legacyFakeTimers.js:565:32)\n    at FakeTimers._runTimerHandle (/home/crio-user/2e0c869edb7d53496201aa72758e3caa82e62603dde03a8279545447b13e8684/node_modules/.pnpm/@jest+fake-timers@26.6.2/node_modules/@jest/fake-timers/build/legacyFakeTimers.js:601:9)\n    at FakeTimers.advanceTimersByTime (/home/crio-user/2e0c869edb7d53496201aa72758e3caa82e62603dde03a8279545447b13e8684/node_modules/.pnpm/@jest+fake-timers@26.6.2/node_modules/@jest/fake-timers/build/legacyFakeTimers.js:292:14)\n    at Object.advanceTimersByTime (/home/crio-user/2e0c869edb7d53496201aa72758e3caa82e62603dde03a8279545447b13e8684/node_modules/.pnpm/jest-runtime@26.6.3/node_modules/jest-runtime/build/index.js:1797:26)\n    at /home/crio-user/2e0c869edb7d53496201aa72758e3caa82e62603dde03a8279545447b13e8684/node_modules/.pnpm/@testing-library+dom@7.31.2/node_modules/@testing-library/dom/dist/wait-for.js:67:14"],"fullName":"Products Page: Logged in should have username & avatar in header","location":null,"status":"failed","title":"should have username & avatar in header"},{"ancestorTitles":["Products Page: Logged in"],"failureMessages":["TypeError: Cannot read property 'then' of undefined\n    at performSearch (/home/crio-user/workspace/saurabh3896-ME_QKART_FRONTEND_V2/src/components/Products.js:78:37)\n    at /home/crio-user/workspace/saurabh3896-ME_QKART_FRONTEND_V2/src/components/Products.js:100:49\n    at callback (/home/crio-user/2e0c869edb7d53496201aa72758e3caa82e62603dde03a8279545447b13e8684/node_modules/.pnpm/@jest+fake-timers@26.6.2/node_modules/@jest/fake-timers/build/legacyFakeTimers.js:565:32)\n    at FakeTimers._runTimerHandle (/home/crio-user/2e0c869edb7d53496201aa72758e3caa82e62603dde03a8279545447b13e8684/node_modules/.pnpm/@jest+fake-timers@26.6.2/node_modules/@jest/fake-timers/build/legacyFakeTimers.js:601:9)\n    at FakeTimers.advanceTimersByTime (/home/crio-user/2e0c869edb7d53496201aa72758e3caa82e62603dde03a8279545447b13e8684/node_modules/.pnpm/@jest+fake-timers@26.6.2/node_modules/@jest/fake-timers/build/legacyFakeTimers.js:292:14)\n    at Object.advanceTimersByTime (/home/crio-user/2e0c869edb7d53496201aa72758e3caa82e62603dde03a8279545447b13e8684/node_modules/.pnpm/jest-runtime@26.6.3/node_modules/jest-runtime/build/index.js:1797:26)\n    at /home/crio-user/2e0c869edb7d53496201aa72758e3caa82e62603dde03a8279545447b13e8684/node_modules/.pnpm/@testing-library+dom@7.31.2/node_modules/@testing-library/dom/dist/wait-for.js:67:14"],"fullName":"Products Page: Logged in should have logout button in header","location":null,"status":"failed","title":"should have logout button in header"},{"ancestorTitles":["Products Page: Logged in"],"failureMessages":["TypeError: Cannot read property 'then' of undefined\n    at performSearch (/home/crio-user/workspace/saurabh3896-ME_QKART_FRONTEND_V2/src/components/Products.js:78:37)\n    at /home/crio-user/workspace/saurabh3896-ME_QKART_FRONTEND_V2/src/components/Products.js:100:49\n    at callback (/home/crio-user/2e0c869edb7d53496201aa72758e3caa82e62603dde03a8279545447b13e8684/node_modules/.pnpm/@jest+fake-timers@26.6.2/node_modules/@jest/fake-timers/build/legacyFakeTimers.js:565:32)\n    at FakeTimers._runTimerHandle (/home/crio-user/2e0c869edb7d53496201aa72758e3caa82e62603dde03a8279545447b13e8684/node_modules/.pnpm/@jest+fake-timers@26.6.2/node_modules/@jest/fake-timers/build/legacyFakeTimers.js:601:9)\n    at FakeTimers.advanceTimersByTime (/home/crio-user/2e0c869edb7d53496201aa72758e3caa82e62603dde03a8279545447b13e8684/node_modules/.pnpm/@jest+fake-timers@26.6.2/node_modules/@jest/fake-timers/build/legacyFakeTimers.js:292:14)\n    at Object.advanceTimersByTime (/home/crio-user/2e0c869edb7d53496201aa72758e3caa82e62603dde03a8279545447b13e8684/node_modules/.pnpm/jest-runtime@26.6.3/node_modules/jest-runtime/build/index.js:1797:26)\n    at /home/crio-user/2e0c869edb7d53496201aa72758e3caa82e62603dde03a8279545447b13e8684/node_modules/.pnpm/@testing-library+dom@7.31.2/node_modules/@testing-library/dom/dist/wait-for.js:67:14"],"fullName":"Products Page: Logged in logout button should clear localstorage items","location":null,"status":"failed","title":"logout button should clear localstorage items"}],"endTime":1637988400771,"message":"\u001b[1m\u001b[31m  \u001b[1m● \u001b[22m\u001b[1mProducts Page › shows items on the products page load\u001b[39m\u001b[22m\n\n    TypeError: Cannot read property 'then' of undefined\n\u001b[2m\u001b[22m\n\u001b[2m    \u001b[0m \u001b[90m 76 |\u001b[39m     \u001b[36mconst\u001b[39m performSearch \u001b[33m=\u001b[39m \u001b[36masync\u001b[39m (searchKey) \u001b[33m=>\u001b[39m {\u001b[0m\u001b[22m\n\u001b[2m    \u001b[0m \u001b[90m 77 |\u001b[39m         \u001b[90m//updateApiProgress(true)\u001b[39m\u001b[0m\u001b[22m\n\u001b[2m    \u001b[0m\u001b[31m\u001b[1m>\u001b[22m\u001b[2m\u001b[39m\u001b[90m 78 |\u001b[39m         \u001b[36mconst\u001b[39m searcheResult \u001b[33m=\u001b[39m \u001b[36mawait\u001b[39m axios\u001b[33m.\u001b[39m\u001b[36mget\u001b[39m(\u001b[32m`${config.endpoint}/products/search?value=${searchKey}`\u001b[39m)\u001b[33m.\u001b[39mthen(response \u001b[33m=>\u001b[39m {\u001b[0m\u001b[22m\n\u001b[2m    \u001b[0m \u001b[90m    |\u001b[39m                                     \u001b[31m\u001b[1m^\u001b[22m\u001b[2m\u001b[39m\u001b[0m\u001b[22m\n\u001b[2m    \u001b[0m \u001b[90m 79 |\u001b[39m           \u001b[90m//console.log(\"search\", response.data)\u001b[39m\u001b[0m\u001b[22m\n\u001b[2m    \u001b[0m \u001b[90m 80 |\u001b[39m           updateProductList(response\u001b[33m.\u001b[39mdata)\u001b[0m\u001b[22m\n\u001b[2m    \u001b[0m \u001b[90m 81 |\u001b[39m           updateApiProgress(\u001b[36mfalse\u001b[39m)\u001b[0m\u001b[22m\n\u001b[2m\u001b[22m\n\u001b[2m      \u001b[2mat performSearch (\u001b[22m\u001b[2msrc/components/Products.js\u001b[2m:78:37)\u001b[22m\u001b[2m\u001b[22m\n\u001b[2m      \u001b[2mat \u001b[22m\u001b[2msrc/components/Products.js\u001b[2m:100:49\u001b[22m\u001b[2m\u001b[22m\n\u001b[2m      \u001b[2mat callback (\u001b[22m\u001b[2m../../2e0c869edb7d53496201aa72758e3caa82e62603dde03a8279545447b13e8684/node_modules/.pnpm/@jest+fake-timers@26.6.2/node_modules/@jest/fake-timers/build/legacyFakeTimers.js\u001b[2m:565:32)\u001b[22m\u001b[2m\u001b[22m\n\u001b[2m      \u001b[2mat FakeTimers._runTimerHandle (\u001b[22m\u001b[2m../../2e0c869edb7d53496201aa72758e3caa82e62603dde03a8279545447b13e8684/node_modules/.pnpm/@jest+fake-timers@26.6.2/node_modules/@jest/fake-timers/build/legacyFakeTimers.js\u001b[2m:601:9)\u001b[22m\u001b[2m\u001b[22m\n\u001b[2m      \u001b[2mat FakeTimers.advanceTimersByTime (\u001b[22m\u001b[2m../../2e0c869edb7d53496201aa72758e3caa82e62603dde03a8279545447b13e8684/node_modules/.pnpm/@jest+fake-timers@26.6.2/node_modules/@jest/fake-timers/build/legacyFakeTimers.js\u001b[2m:292:14)\u001b[22m\u001b[2m\u001b[22m\n\u001b[2m      \u001b[2mat \u001b[22m\u001b[2m../../2e0c869edb7d53496201aa72758e3caa82e62603dde03a8279545447b13e8684/node_modules/.pnpm/@testing-library+dom@7.31.2/node_modules/@testing-library/dom/dist/wait-for.js\u001b[2m:67:14\u001b[22m\u001b[2m\u001b[22m\n\n\u001b[1m\u001b[31m  \u001b[1m● \u001b[22m\u001b[1mProducts Page › should make a GET request to search\u001b[39m\u001b[22m\n\n    TypeError: Cannot read property 'then' of undefined\n\u001b[2m\u001b[22m\n\u001b[2m    \u001b[0m \u001b[90m 76 |\u001b[39m     \u001b[36mconst\u001b[39m performSearch \u001b[33m=\u001b[39m \u001b[36masync\u001b[39m (searchKey) \u001b[33m=>\u001b[39m {\u001b[0m\u001b[22m\n\u001b[2m    \u001b[0m \u001b[90m 77 |\u001b[39m         \u001b[90m//updateApiProgress(true)\u001b[39m\u001b[0m\u001b[22m\n\u001b[2m    \u001b[0m\u001b[31m\u001b[1m>\u001b[22m\u001b[2m\u001b[39m\u001b[90m 78 |\u001b[39m         \u001b[36mconst\u001b[39m searcheResult \u001b[33m=\u001b[39m \u001b[36mawait\u001b[39m axios\u001b[33m.\u001b[39m\u001b[36mget\u001b[39m(\u001b[32m`${config.endpoint}/products/search?value=${searchKey}`\u001b[39m)\u001b[33m.\u001b[39mthen(response \u001b[33m=>\u001b[39m {\u001b[0m\u001b[22m\n\u001b[2m    \u001b[0m \u001b[90m    |\u001b[39m                                     \u001b[31m\u001b[1m^\u001b[22m\u001b[2m\u001b[39m\u001b[0m\u001b[22m\n\u001b[2m    \u001b[0m \u001b[90m 79 |\u001b[39m           \u001b[90m//console.log(\"search\", response.data)\u001b[39m\u001b[0m\u001b[22m\n\u001b[2m    \u001b[0m \u001b[90m 80 |\u001b[39m           updateProductList(response\u001b[33m.\u001b[39mdata)\u001b[0m\u001b[22m\n\u001b[2m    \u001b[0m \u001b[90m 81 |\u001b[39m           updateApiProgress(\u001b[36mfalse\u001b[39m)\u001b[0m\u001b[22m\n\u001b[2m\u001b[22m\n\u001b[2m      \u001b[2mat performSearch (\u001b[22m\u001b[2msrc/components/Products.js\u001b[2m:78:37)\u001b[22m\u001b[2m\u001b[22m\n\u001b[2m      \u001b[2mat \u001b[22m\u001b[2msrc/components/Products.js\u001b[2m:100:49\u001b[22m\u001b[2m\u001b[22m\n\u001b[2m      \u001b[2mat callback (\u001b[22m\u001b[2m../../2e0c869edb7d53496201aa72758e3caa82e62603dde03a8279545447b13e8684/node_modules/.pnpm/@jest+fake-timers@26.6.2/node_modules/@jest/fake-timers/build/legacyFakeTimers.js\u001b[2m:565:32)\u001b[22m\u001b[2m\u001b[22m\n\u001b[2m      \u001b[2mat FakeTimers._runTimerHandle (\u001b[22m\u001b[2m../../2e0c869edb7d53496201aa72758e3caa82e62603dde03a8279545447b13e8684/node_modules/.pnpm/@jest+fake-timers@26.6.2/node_modules/@jest/fake-timers/build/legacyFakeTimers.js\u001b[2m:601:9)\u001b[22m\u001b[2m\u001b[22m\n\u001b[2m      \u001b[2mat FakeTimers.advanceTimersByTime (\u001b[22m\u001b[2m../../2e0c869edb7d53496201aa72758e3caa82e62603dde03a8279545447b13e8684/node_modules/.pnpm/@jest+fake-timers@26.6.2/node_modules/@jest/fake-timers/build/legacyFakeTimers.js\u001b[2m:292:14)\u001b[22m\u001b[2m\u001b[22m\n\u001b[2m      \u001b[2mat \u001b[22m\u001b[2m../../2e0c869edb7d53496201aa72758e3caa82e62603dde03a8279545447b13e8684/node_modules/.pnpm/@testing-library+dom@7.31.2/node_modules/@testing-library/dom/dist/wait-for.js\u001b[2m:67:14\u001b[22m\u001b[2m\u001b[22m\n\n\u001b[1m\u001b[31m  \u001b[1m● \u001b[22m\u001b[1mProducts Page › should show all products if search empty\u001b[39m\u001b[22m\n\n    TypeError: Cannot read property 'then' of undefined\n\u001b[2m\u001b[22m\n\u001b[2m    \u001b[0m \u001b[90m 76 |\u001b[39m     \u001b[36mconst\u001b[39m performSearch \u001b[33m=\u001b[39m \u001b[36masync\u001b[39m (searchKey) \u001b[33m=>\u001b[39m {\u001b[0m\u001b[22m\n\u001b[2m    \u001b[0m \u001b[90m 77 |\u001b[39m         \u001b[90m//updateApiProgress(true)\u001b[39m\u001b[0m\u001b[22m\n\u001b[2m    \u001b[0m\u001b[31m\u001b[1m>\u001b[22m\u001b[2m\u001b[39m\u001b[90m 78 |\u001b[39m         \u001b[36mconst\u001b[39m searcheResult \u001b[33m=\u001b[39m \u001b[36mawait\u001b[39m axios\u001b[33m.\u001b[39m\u001b[36mget\u001b[39m(\u001b[32m`${config.endpoint}/products/search?value=${searchKey}`\u001b[39m)\u001b[33m.\u001b[39mthen(response \u001b[33m=>\u001b[39m {\u001b[0m\u001b[22m\n\u001b[2m    \u001b[0m \u001b[90m    |\u001b[39m                                     \u001b[31m\u001b[1m^\u001b[22m\u001b[2m\u001b[39m\u001b[0m\u001b[22m\n\u001b[2m    \u001b[0m \u001b[90m 79 |\u001b[39m           \u001b[90m//console.log(\"search\", response.data)\u001b[39m\u001b[0m\u001b[22m\n\u001b[2m    \u001b[0m \u001b[90m 80 |\u001b[39m           updateProductList(response\u001b[33m.\u001b[39mdata)\u001b[0m\u001b[22m\n\u001b[2m    \u001b[0m \u001b[90m 81 |\u001b[39m           updateApiProgress(\u001b[36mfalse\u001b[39m)\u001b[0m\u001b[22m\n\u001b[2m\u001b[22m\n\u001b[2m      \u001b[2mat performSearch (\u001b[22m\u001b[2msrc/components/Products.js\u001b[2m:78:37)\u001b[22m\u001b[2m\u001b[22m\n\u001b[2m      \u001b[2mat \u001b[22m\u001b[2msrc/components/Products.js\u001b[2m:100:49\u001b[22m\u001b[2m\u001b[22m\n\u001b[2m      \u001b[2mat callback (\u001b[22m\u001b[2m../../2e0c869edb7d53496201aa72758e3caa82e62603dde03a8279545447b13e8684/node_modules/.pnpm/@jest+fake-timers@26.6.2/node_modules/@jest/fake-timers/build/legacyFakeTimers.js\u001b[2m:565:32)\u001b[22m\u001b[2m\u001b[22m\n\u001b[2m      \u001b[2mat FakeTimers._runTimerHandle (\u001b[22m\u001b[2m../../2e0c869edb7d53496201aa72758e3caa82e62603dde03a8279545447b13e8684/node_modules/.pnpm/@jest+fake-timers@26.6.2/node_modules/@jest/fake-timers/build/legacyFakeTimers.js\u001b[2m:601:9)\u001b[22m\u001b[2m\u001b[22m\n\u001b[2m      \u001b[2mat FakeTimers.advanceTimersByTime (\u001b[22m\u001b[2m../../2e0c869edb7d53496201aa72758e3caa82e62603dde03a8279545447b13e8684/node_modules/.pnpm/@jest+fake-timers@26.6.2/node_modules/@jest/fake-timers/build/legacyFakeTimers.js\u001b[2m:292:14)\u001b[22m\u001b[2m\u001b[22m\n\u001b[2m      \u001b[2mat \u001b[22m\u001b[2m../../2e0c869edb7d53496201aa72758e3caa82e62603dde03a8279545447b13e8684/node_modules/.pnpm/@testing-library+dom@7.31.2/node_modules/@testing-library/dom/dist/wait-for.js\u001b[2m:67:14\u001b[22m\u001b[2m\u001b[22m\n\n\u001b[1m\u001b[31m  \u001b[1m● \u001b[22m\u001b[1mProducts Page › should show matching products if found\u001b[39m\u001b[22m\n\n    TypeError: Cannot read property 'then' of undefined\n\u001b[2m\u001b[22m\n\u001b[2m    \u001b[0m \u001b[90m 76 |\u001b[39m     \u001b[36mconst\u001b[39m performSearch \u001b[33m=\u001b[39m \u001b[36masync\u001b[39m (searchKey) \u001b[33m=>\u001b[39m {\u001b[0m\u001b[22m\n\u001b[2m    \u001b[0m \u001b[90m 77 |\u001b[39m         \u001b[90m//updateApiProgress(true)\u001b[39m\u001b[0m\u001b[22m\n\u001b[2m    \u001b[0m\u001b[31m\u001b[1m>\u001b[22m\u001b[2m\u001b[39m\u001b[90m 78 |\u001b[39m         \u001b[36mconst\u001b[39m searcheResult \u001b[33m=\u001b[39m \u001b[36mawait\u001b[39m axios\u001b[33m.\u001b[39m\u001b[36mget\u001b[39m(\u001b[32m`${config.endpoint}/products/search?value=${searchKey}`\u001b[39m)\u001b[33m.\u001b[39mthen(response \u001b[33m=>\u001b[39m {\u001b[0m\u001b[22m\n\u001b[2m    \u001b[0m \u001b[90m    |\u001b[39m                                     \u001b[31m\u001b[1m^\u001b[22m\u001b[2m\u001b[39m\u001b[0m\u001b[22m\n\u001b[2m    \u001b[0m \u001b[90m 79 |\u001b[39m           \u001b[90m//console.log(\"search\", response.data)\u001b[39m\u001b[0m\u001b[22m\n\u001b[2m    \u001b[0m \u001b[90m 80 |\u001b[39m           updateProductList(response\u001b[33m.\u001b[39mdata)\u001b[0m\u001b[22m\n\u001b[2m    \u001b[0m \u001b[90m 81 |\u001b[39m           updateApiProgress(\u001b[36mfalse\u001b[39m)\u001b[0m\u001b[22m\n\u001b[2m\u001b[22m\n\u001b[2m      \u001b[2mat performSearch (\u001b[22m\u001b[2msrc/components/Products.js\u001b[2m:78:37)\u001b[22m\u001b[2m\u001b[22m\n\u001b[2m      \u001b[2mat \u001b[22m\u001b[2msrc/components/Products.js\u001b[2m:100:49\u001b[22m\u001b[2m\u001b[22m\n\u001b[2m      \u001b[2mat callback (\u001b[22m\u001b[2m../../2e0c869edb7d53496201aa72758e3caa82e62603dde03a8279545447b13e8684/node_modules/.pnpm/@jest+fake-timers@26.6.2/node_modules/@jest/fake-timers/build/legacyFakeTimers.js\u001b[2m:565:32)\u001b[22m\u001b[2m\u001b[22m\n\u001b[2m      \u001b[2mat FakeTimers._runTimerHandle (\u001b[22m\u001b[2m../../2e0c869edb7d53496201aa72758e3caa82e62603dde03a8279545447b13e8684/node_modules/.pnpm/@jest+fake-timers@26.6.2/node_modules/@jest/fake-timers/build/legacyFakeTimers.js\u001b[2m:601:9)\u001b[22m\u001b[2m\u001b[22m\n\u001b[2m      \u001b[2mat FakeTimers.advanceTimersByTime (\u001b[22m\u001b[2m../../2e0c869edb7d53496201aa72758e3caa82e62603dde03a8279545447b13e8684/node_modules/.pnpm/@jest+fake-timers@26.6.2/node_modules/@jest/fake-timers/build/legacyFakeTimers.js\u001b[2m:292:14)\u001b[22m\u001b[2m\u001b[22m\n\u001b[2m      \u001b[2mat \u001b[22m\u001b[2m../../2e0c869edb7d53496201aa72758e3caa82e62603dde03a8279545447b13e8684/node_modules/.pnpm/@testing-library+dom@7.31.2/node_modules/@testing-library/dom/dist/wait-for.js\u001b[2m:67:14\u001b[22m\u001b[2m\u001b[22m\n\n\u001b[1m\u001b[31m  \u001b[1m● \u001b[22m\u001b[1mProducts Page › should 'No Products Found' if search string does get any items\u001b[39m\u001b[22m\n\n    TypeError: Cannot read property 'then' of undefined\n\u001b[2m\u001b[22m\n\u001b[2m    \u001b[0m \u001b[90m 76 |\u001b[39m     \u001b[36mconst\u001b[39m performSearch \u001b[33m=\u001b[39m \u001b[36masync\u001b[39m (searchKey) \u001b[33m=>\u001b[39m {\u001b[0m\u001b[22m\n\u001b[2m    \u001b[0m \u001b[90m 77 |\u001b[39m         \u001b[90m//updateApiProgress(true)\u001b[39m\u001b[0m\u001b[22m\n\u001b[2m    \u001b[0m\u001b[31m\u001b[1m>\u001b[22m\u001b[2m\u001b[39m\u001b[90m 78 |\u001b[39m         \u001b[36mconst\u001b[39m searcheResult \u001b[33m=\u001b[39m \u001b[36mawait\u001b[39m axios\u001b[33m.\u001b[39m\u001b[36mget\u001b[39m(\u001b[32m`${config.endpoint}/products/search?value=${searchKey}`\u001b[39m)\u001b[33m.\u001b[39mthen(response \u001b[33m=>\u001b[39m {\u001b[0m\u001b[22m\n\u001b[2m    \u001b[0m \u001b[90m    |\u001b[39m                                     \u001b[31m\u001b[1m^\u001b[22m\u001b[2m\u001b[39m\u001b[0m\u001b[22m\n\u001b[2m    \u001b[0m \u001b[90m 79 |\u001b[39m           \u001b[90m//console.log(\"search\", response.data)\u001b[39m\u001b[0m\u001b[22m\n\u001b[2m    \u001b[0m \u001b[90m 80 |\u001b[39m           updateProductList(response\u001b[33m.\u001b[39mdata)\u001b[0m\u001b[22m\n\u001b[2m    \u001b[0m \u001b[90m 81 |\u001b[39m           updateApiProgress(\u001b[36mfalse\u001b[39m)\u001b[0m\u001b[22m\n\u001b[2m\u001b[22m\n\u001b[2m      \u001b[2mat performSearch (\u001b[22m\u001b[2msrc/components/Products.js\u001b[2m:78:37)\u001b[22m\u001b[2m\u001b[22m\n\u001b[2m      \u001b[2mat \u001b[22m\u001b[2msrc/components/Products.js\u001b[2m:100:49\u001b[22m\u001b[2m\u001b[22m\n\u001b[2m      \u001b[2mat callback (\u001b[22m\u001b[2m../../2e0c869edb7d53496201aa72758e3caa82e62603dde03a8279545447b13e8684/node_modules/.pnpm/@jest+fake-timers@26.6.2/node_modules/@jest/fake-timers/build/legacyFakeTimers.js\u001b[2m:565:32)\u001b[22m\u001b[2m\u001b[22m\n\u001b[2m      \u001b[2mat FakeTimers._runTimerHandle (\u001b[22m\u001b[2m../../2e0c869edb7d53496201aa72758e3caa82e62603dde03a8279545447b13e8684/node_modules/.pnpm/@jest+fake-timers@26.6.2/node_modules/@jest/fake-timers/build/legacyFakeTimers.js\u001b[2m:601:9)\u001b[22m\u001b[2m\u001b[22m\n\u001b[2m      \u001b[2mat FakeTimers.advanceTimersByTime (\u001b[22m\u001b[2m../../2e0c869edb7d53496201aa72758e3caa82e62603dde03a8279545447b13e8684/node_modules/.pnpm/@jest+fake-timers@26.6.2/node_modules/@jest/fake-timers/build/legacyFakeTimers.js\u001b[2m:292:14)\u001b[22m\u001b[2m\u001b[22m\n\u001b[2m      \u001b[2mat \u001b[22m\u001b[2m../../2e0c869edb7d53496201aa72758e3caa82e62603dde03a8279545447b13e8684/node_modules/.pnpm/@testing-library+dom@7.31.2/node_modules/@testing-library/dom/dist/wait-for.js\u001b[2m:67:14\u001b[22m\u001b[2m\u001b[22m\n\n\u001b[1m\u001b[31m  \u001b[1m● \u001b[22m\u001b[1mProducts Page › updates search items as search string updates\u001b[39m\u001b[22m\n\n    TypeError: Cannot read property 'then' of undefined\n\u001b[2m\u001b[22m\n\u001b[2m    \u001b[0m \u001b[90m 76 |\u001b[39m     \u001b[36mconst\u001b[39m performSearch \u001b[33m=\u001b[39m \u001b[36masync\u001b[39m (searchKey) \u001b[33m=>\u001b[39m {\u001b[0m\u001b[22m\n\u001b[2m    \u001b[0m \u001b[90m 77 |\u001b[39m         \u001b[90m//updateApiProgress(true)\u001b[39m\u001b[0m\u001b[22m\n\u001b[2m    \u001b[0m\u001b[31m\u001b[1m>\u001b[22m\u001b[2m\u001b[39m\u001b[90m 78 |\u001b[39m         \u001b[36mconst\u001b[39m searcheResult \u001b[33m=\u001b[39m \u001b[36mawait\u001b[39m axios\u001b[33m.\u001b[39m\u001b[36mget\u001b[39m(\u001b[32m`${config.endpoint}/products/search?value=${searchKey}`\u001b[39m)\u001b[33m.\u001b[39mthen(response \u001b[33m=>\u001b[39m {\u001b[0m\u001b[22m\n\u001b[2m    \u001b[0m \u001b[90m    |\u001b[39m                                     \u001b[31m\u001b[1m^\u001b[22m\u001b[2m\u001b[39m\u001b[0m\u001b[22m\n\u001b[2m    \u001b[0m \u001b[90m 79 |\u001b[39m           \u001b[90m//console.log(\"search\", response.data)\u001b[39m\u001b[0m\u001b[22m\n\u001b[2m    \u001b[0m \u001b[90m 80 |\u001b[39m           updateProductList(response\u001b[33m.\u001b[39mdata)\u001b[0m\u001b[22m\n\u001b[2m    \u001b[0m \u001b[90m 81 |\u001b[39m           updateApiProgress(\u001b[36mfalse\u001b[39m)\u001b[0m\u001b[22m\n\u001b[2m\u001b[22m\n\u001b[2m      \u001b[2mat performSearch (\u001b[22m\u001b[2msrc/components/Products.js\u001b[2m:78:37)\u001b[22m\u001b[2m\u001b[22m\n\u001b[2m      \u001b[2mat \u001b[22m\u001b[2msrc/components/Products.js\u001b[2m:100:49\u001b[22m\u001b[2m\u001b[22m\n\u001b[2m      \u001b[2mat callback (\u001b[22m\u001b[2m../../2e0c869edb7d53496201aa72758e3caa82e62603dde03a8279545447b13e8684/node_modules/.pnpm/@jest+fake-timers@26.6.2/node_modules/@jest/fake-timers/build/legacyFakeTimers.js\u001b[2m:565:32)\u001b[22m\u001b[2m\u001b[22m\n\u001b[2m      \u001b[2mat FakeTimers._runTimerHandle (\u001b[22m\u001b[2m../../2e0c869edb7d53496201aa72758e3caa82e62603dde03a8279545447b13e8684/node_modules/.pnpm/@jest+fake-timers@26.6.2/node_modules/@jest/fake-timers/build/legacyFakeTimers.js\u001b[2m:601:9)\u001b[22m\u001b[2m\u001b[22m\n\u001b[2m      \u001b[2mat FakeTimers.advanceTimersByTime (\u001b[22m\u001b[2m../../2e0c869edb7d53496201aa72758e3caa82e62603dde03a8279545447b13e8684/node_modules/.pnpm/@jest+fake-timers@26.6.2/node_modules/@jest/fake-timers/build/legacyFakeTimers.js\u001b[2m:292:14)\u001b[22m\u001b[2m\u001b[22m\n\u001b[2m      \u001b[2mat \u001b[22m\u001b[2m../../2e0c869edb7d53496201aa72758e3caa82e62603dde03a8279545447b13e8684/node_modules/.pnpm/@testing-library+dom@7.31.2/node_modules/@testing-library/dom/dist/wait-for.js\u001b[2m:67:14\u001b[22m\u001b[2m\u001b[22m\n\n\u001b[1m\u001b[31m  \u001b[1m● \u001b[22m\u001b[1mProducts Page: Logged in › should have username & avatar in header\u001b[39m\u001b[22m\n\n    TypeError: Cannot read property 'then' of undefined\n\u001b[2m\u001b[22m\n\u001b[2m    \u001b[0m \u001b[90m 76 |\u001b[39m     \u001b[36mconst\u001b[39m performSearch \u001b[33m=\u001b[39m \u001b[36masync\u001b[39m (searchKey) \u001b[33m=>\u001b[39m {\u001b[0m\u001b[22m\n\u001b[2m    \u001b[0m \u001b[90m 77 |\u001b[39m         \u001b[90m//updateApiProgress(true)\u001b[39m\u001b[0m\u001b[22m\n\u001b[2m    \u001b[0m\u001b[31m\u001b[1m>\u001b[22m\u001b[2m\u001b[39m\u001b[90m 78 |\u001b[39m         \u001b[36mconst\u001b[39m searcheResult \u001b[33m=\u001b[39m \u001b[36mawait\u001b[39m axios\u001b[33m.\u001b[39m\u001b[36mget\u001b[39m(\u001b[32m`${config.endpoint}/products/search?value=${searchKey}`\u001b[39m)\u001b[33m.\u001b[39mthen(response \u001b[33m=>\u001b[39m {\u001b[0m\u001b[22m\n\u001b[2m    \u001b[0m \u001b[90m    |\u001b[39m                                     \u001b[31m\u001b[1m^\u001b[22m\u001b[2m\u001b[39m\u001b[0m\u001b[22m\n\u001b[2m    \u001b[0m \u001b[90m 79 |\u001b[39m           \u001b[90m//console.log(\"search\", response.data)\u001b[39m\u001b[0m\u001b[22m\n\u001b[2m    \u001b[0m \u001b[90m 80 |\u001b[39m           updateProductList(response\u001b[33m.\u001b[39mdata)\u001b[0m\u001b[22m\n\u001b[2m    \u001b[0m \u001b[90m 81 |\u001b[39m           updateApiProgress(\u001b[36mfalse\u001b[39m)\u001b[0m\u001b[22m\n\u001b[2m\u001b[22m\n\u001b[2m      \u001b[2mat performSearch (\u001b[22m\u001b[2msrc/components/Products.js\u001b[2m:78:37)\u001b[22m\u001b[2m\u001b[22m\n\u001b[2m      \u001b[2mat \u001b[22m\u001b[2msrc/components/Products.js\u001b[2m:100:49\u001b[22m\u001b[2m\u001b[22m\n\u001b[2m      \u001b[2mat callback (\u001b[22m\u001b[2m../../2e0c869edb7d53496201aa72758e3caa82e62603dde03a8279545447b13e8684/node_modules/.pnpm/@jest+fake-timers@26.6.2/node_modules/@jest/fake-timers/build/legacyFakeTimers.js\u001b[2m:565:32)\u001b[22m\u001b[2m\u001b[22m\n\u001b[2m      \u001b[2mat FakeTimers._runTimerHandle (\u001b[22m\u001b[2m../../2e0c869edb7d53496201aa72758e3caa82e62603dde03a8279545447b13e8684/node_modules/.pnpm/@jest+fake-timers@26.6.2/node_modules/@jest/fake-timers/build/legacyFakeTimers.js\u001b[2m:601:9)\u001b[22m\u001b[2m\u001b[22m\n\u001b[2m      \u001b[2mat FakeTimers.advanceTimersByTime (\u001b[22m\u001b[2m../../2e0c869edb7d53496201aa72758e3caa82e62603dde03a8279545447b13e8684/node_modules/.pnpm/@jest+fake-timers@26.6.2/node_modules/@jest/fake-timers/build/legacyFakeTimers.js\u001b[2m:292:14)\u001b[22m\u001b[2m\u001b[22m\n\u001b[2m      \u001b[2mat \u001b[22m\u001b[2m../../2e0c869edb7d53496201aa72758e3caa82e62603dde03a8279545447b13e8684/node_modules/.pnpm/@testing-library+dom@7.31.2/node_modules/@testing-library/dom/dist/wait-for.js\u001b[2m:67:14\u001b[22m\u001b[2m\u001b[22m\n\n\u001b[1m\u001b[31m  \u001b[1m● \u001b[22m\u001b[1mProducts Page: Logged in › should have logout button in header\u001b[39m\u001b[22m\n\n    TypeError: Cannot read property 'then' of undefined\n\u001b[2m\u001b[22m\n\u001b[2m    \u001b[0m \u001b[90m 76 |\u001b[39m     \u001b[36mconst\u001b[39m performSearch \u001b[33m=\u001b[39m \u001b[36masync\u001b[39m (searchKey) \u001b[33m=>\u001b[39m {\u001b[0m\u001b[22m\n\u001b[2m    \u001b[0m \u001b[90m 77 |\u001b[39m         \u001b[90m//updateApiProgress(true)\u001b[39m\u001b[0m\u001b[22m\n\u001b[2m    \u001b[0m\u001b[31m\u001b[1m>\u001b[22m\u001b[2m\u001b[39m\u001b[90m 78 |\u001b[39m         \u001b[36mconst\u001b[39m searcheResult \u001b[33m=\u001b[39m \u001b[36mawait\u001b[39m axios\u001b[33m.\u001b[39m\u001b[36mget\u001b[39m(\u001b[32m`${config.endpoint}/products/search?value=${searchKey}`\u001b[39m)\u001b[33m.\u001b[39mthen(response \u001b[33m=>\u001b[39m {\u001b[0m\u001b[22m\n\u001b[2m    \u001b[0m \u001b[90m    |\u001b[39m                                     \u001b[31m\u001b[1m^\u001b[22m\u001b[2m\u001b[39m\u001b[0m\u001b[22m\n\u001b[2m    \u001b[0m \u001b[90m 79 |\u001b[39m           \u001b[90m//console.log(\"search\", response.data)\u001b[39m\u001b[0m\u001b[22m\n\u001b[2m    \u001b[0m \u001b[90m 80 |\u001b[39m           updateProductList(response\u001b[33m.\u001b[39mdata)\u001b[0m\u001b[22m\n\u001b[2m    \u001b[0m \u001b[90m 81 |\u001b[39m           updateApiProgress(\u001b[36mfalse\u001b[39m)\u001b[0m\u001b[22m\n\u001b[2m\u001b[22m\n\u001b[2m      \u001b[2mat performSearch (\u001b[22m\u001b[2msrc/components/Products.js\u001b[2m:78:37)\u001b[22m\u001b[2m\u001b[22m\n\u001b[2m      \u001b[2mat \u001b[22m\u001b[2msrc/components/Products.js\u001b[2m:100:49\u001b[22m\u001b[2m\u001b[22m\n\u001b[2m      \u001b[2mat callback (\u001b[22m\u001b[2m../../2e0c869edb7d53496201aa72758e3caa82e62603dde03a8279545447b13e8684/node_modules/.pnpm/@jest+fake-timers@26.6.2/node_modules/@jest/fake-timers/build/legacyFakeTimers.js\u001b[2m:565:32)\u001b[22m\u001b[2m\u001b[22m\n\u001b[2m      \u001b[2mat FakeTimers._runTimerHandle (\u001b[22m\u001b[2m../../2e0c869edb7d53496201aa72758e3caa82e62603dde03a8279545447b13e8684/node_modules/.pnpm/@jest+fake-timers@26.6.2/node_modules/@jest/fake-timers/build/legacyFakeTimers.js\u001b[2m:601:9)\u001b[22m\u001b[2m\u001b[22m\n\u001b[2m      \u001b[2mat FakeTimers.advanceTimersByTime (\u001b[22m\u001b[2m../../2e0c869edb7d53496201aa72758e3caa82e62603dde03a8279545447b13e8684/node_modules/.pnpm/@jest+fake-timers@26.6.2/node_modules/@jest/fake-timers/build/legacyFakeTimers.js\u001b[2m:292:14)\u001b[22m\u001b[2m\u001b[22m\n\u001b[2m      \u001b[2mat \u001b[22m\u001b[2m../../2e0c869edb7d53496201aa72758e3caa82e62603dde03a8279545447b13e8684/node_modules/.pnpm/@testing-library+dom@7.31.2/node_modules/@testing-library/dom/dist/wait-for.js\u001b[2m:67:14\u001b[22m\u001b[2m\u001b[22m\n\n\u001b[1m\u001b[31m  \u001b[1m● \u001b[22m\u001b[1mProducts Page: Logged in › logout button should clear localstorage items\u001b[39m\u001b[22m\n\n    TypeError: Cannot read property 'then' of undefined\n\u001b[2m\u001b[22m\n\u001b[2m    \u001b[0m \u001b[90m 76 |\u001b[39m     \u001b[36mconst\u001b[39m performSearch \u001b[33m=\u001b[39m \u001b[36masync\u001b[39m (searchKey) \u001b[33m=>\u001b[39m {\u001b[0m\u001b[22m\n\u001b[2m    \u001b[0m \u001b[90m 77 |\u001b[39m         \u001b[90m//updateApiProgress(true)\u001b[39m\u001b[0m\u001b[22m\n\u001b[2m    \u001b[0m\u001b[31m\u001b[1m>\u001b[22m\u001b[2m\u001b[39m\u001b[90m 78 |\u001b[39m         \u001b[36mconst\u001b[39m searcheResult \u001b[33m=\u001b[39m \u001b[36mawait\u001b[39m axios\u001b[33m.\u001b[39m\u001b[36mget\u001b[39m(\u001b[32m`${config.endpoint}/products/search?value=${searchKey}`\u001b[39m)\u001b[33m.\u001b[39mthen(response \u001b[33m=>\u001b[39m {\u001b[0m\u001b[22m\n\u001b[2m    \u001b[0m \u001b[90m    |\u001b[39m                                     \u001b[31m\u001b[1m^\u001b[22m\u001b[2m\u001b[39m\u001b[0m\u001b[22m\n\u001b[2m    \u001b[0m \u001b[90m 79 |\u001b[39m           \u001b[90m//console.log(\"search\", response.data)\u001b[39m\u001b[0m\u001b[22m\n\u001b[2m    \u001b[0m \u001b[90m 80 |\u001b[39m           updateProductList(response\u001b[33m.\u001b[39mdata)\u001b[0m\u001b[22m\n\u001b[2m    \u001b[0m \u001b[90m 81 |\u001b[39m           updateApiProgress(\u001b[36mfalse\u001b[39m)\u001b[0m\u001b[22m\n\u001b[2m\u001b[22m\n\u001b[2m      \u001b[2mat performSearch (\u001b[22m\u001b[2msrc/components/Products.js\u001b[2m:78:37)\u001b[22m\u001b[2m\u001b[22m\n\u001b[2m      \u001b[2mat \u001b[22m\u001b[2msrc/components/Products.js\u001b[2m:100:49\u001b[22m\u001b[2m\u001b[22m\n\u001b[2m      \u001b[2mat callback (\u001b[22m\u001b[2m../../2e0c869edb7d53496201aa72758e3caa82e62603dde03a8279545447b13e8684/node_modules/.pnpm/@jest+fake-timers@26.6.2/node_modules/@jest/fake-timers/build/legacyFakeTimers.js\u001b[2m:565:32)\u001b[22m\u001b[2m\u001b[22m\n\u001b[2m      \u001b[2mat FakeTimers._runTimerHandle (\u001b[22m\u001b[2m../../2e0c869edb7d53496201aa72758e3caa82e62603dde03a8279545447b13e8684/node_modules/.pnpm/@jest+fake-timers@26.6.2/node_modules/@jest/fake-timers/build/legacyFakeTimers.js\u001b[2m:601:9)\u001b[22m\u001b[2m\u001b[22m\n\u001b[2m      \u001b[2mat FakeTimers.advanceTimersByTime (\u001b[22m\u001b[2m../../2e0c869edb7d53496201aa72758e3caa82e62603dde03a8279545447b13e8684/node_modules/.pnpm/@jest+fake-timers@26.6.2/node_modules/@jest/fake-timers/build/legacyFakeTimers.js\u001b[2m:292:14)\u001b[22m\u001b[2m\u001b[22m\n\u001b[2m      \u001b[2mat \u001b[22m\u001b[2m../../2e0c869edb7d53496201aa72758e3caa82e62603dde03a8279545447b13e8684/node_modules/.pnpm/@testing-library+dom@7.31.2/node_modules/@testing-library/dom/dist/wait-for.js\u001b[2m:67:14\u001b[22m\u001b[2m\u001b[22m\n","name":"/home/crio-user/workspace/saurabh3896-ME_QKART_FRONTEND_V2/src/__tests__/Products.test.js","startTime":1637988386191,"status":"failed","summary":""},{"assertionResults":[{"ancestorTitles":["Register Page"],"failureMessages":[],"fullName":"Register Page should have a Register form title","location":null,"status":"passed","title":"should have a Register form title"},{"ancestorTitles":["Register Page"],"failureMessages":[],"fullName":"Register Page should have a header has logo with Link","location":null,"status":"passed","title":"should have a header has logo with Link"},{"ancestorTitles":["Register Page"],"failureMessages":[],"fullName":"Register Page should have header with 'back to explore' button","location":null,"status":"passed","title":"should have header with 'back to explore' button"},{"ancestorTitles":["Register Page"],"failureMessages":[],"fullName":"Register Page should have 'login here' link","location":null,"status":"passed","title":"should have 'login here' link"},{"ancestorTitles":["Register Page"],"failureMessages":[],"fullName":"Register Page should throw error if username empty","location":null,"status":"passed","title":"should throw error if username empty"},{"ancestorTitles":["Register Page"],"failureMessages":[],"fullName":"Register Page should throw error if password empty","location":null,"status":"passed","title":"should throw error if password empty"},{"ancestorTitles":["Register Page"],"failureMessages":[],"fullName":"Register Page should throw error if password or username < 6 chars long","location":null,"status":"passed","title":"should throw error if password or username < 6 chars long"},{"ancestorTitles":["Register Page"],"failureMessages":[],"fullName":"Register Page should throw error if password and confirm password are not same","location":null,"status":"passed","title":"should throw error if password and confirm password are not same"},{"ancestorTitles":["Register Page"],"failureMessages":[],"fullName":"Register Page should send a POST request with axios","location":null,"status":"passed","title":"should send a POST request with axios"},{"ancestorTitles":["Register Page"],"failureMessages":[],"fullName":"Register Page should send a POST request to server with correct arguments","location":null,"status":"passed","title":"should send a POST request to server with correct arguments"},{"ancestorTitles":["Register Page"],"failureMessages":[],"fullName":"Register Page should show success alert if request succeeds","location":null,"status":"passed","title":"should show success alert if request succeeds"},{"ancestorTitles":["Register Page"],"failureMessages":[],"fullName":"Register Page should redirect to login after success","location":null,"status":"passed","title":"should redirect to login after success"},{"ancestorTitles":["Register Page"],"failureMessages":[],"fullName":"Register Page 'back to explore' button should route to products","location":null,"status":"passed","title":"'back to explore' button should route to products"}],"endTime":1637988409468,"message":"","name":"/home/crio-user/workspace/saurabh3896-ME_QKART_FRONTEND_V2/src/__tests__/Register.test.js","startTime":1637988400857,"status":"passed","summary":""},{"assertionResults":[{"ancestorTitles":["Login Page"],"failureMessages":[],"fullName":"Login Page should have a Login form title","location":null,"status":"passed","title":"should have a Login form title"},{"ancestorTitles":["Login Page"],"failureMessages":[],"fullName":"Login Page should have a header has logo with Link","location":null,"status":"passed","title":"should have a header has logo with Link"},{"ancestorTitles":["Login Page"],"failureMessages":[],"fullName":"Login Page should have header with back to explore button","location":null,"status":"passed","title":"should have header with back to explore button"},{"ancestorTitles":["Login Page"],"failureMessages":[],"fullName":"Login Page 'back to explore' button should route to products","location":null,"status":"passed","title":"'back to explore' button should route to products"},{"ancestorTitles":["Login Page"],"failureMessages":[],"fullName":"Login Page should have register now link","location":null,"status":"passed","title":"should have register now link"},{"ancestorTitles":["Login Page"],"failureMessages":[],"fullName":"Login Page should throw error if form fields are empty","location":null,"status":"passed","title":"should throw error if form fields are empty"},{"ancestorTitles":["Login Page"],"failureMessages":[],"fullName":"Login Page should send a POST request with axios","location":null,"status":"passed","title":"should send a POST request with axios"},{"ancestorTitles":["Login Page"],"failureMessages":[],"fullName":"Login Page should send a POST request to server with correct arguments","location":null,"status":"passed","title":"should send a POST request to server with correct arguments"},{"ancestorTitles":["Login Page"],"failureMessages":[],"fullName":"Login Page should show success alert if request succeeds","location":null,"status":"passed","title":"should show success alert if request succeeds"},{"ancestorTitles":["Login Page"],"failureMessages":[],"fullName":"Login Page should store values in local storage if request succeeds","location":null,"status":"passed","title":"should store values in local storage if request succeeds"},{"ancestorTitles":["Login Page"],"failureMessages":[],"fullName":"Login Page should redirect to products page after success","location":null,"status":"passed","title":"should redirect to products page after success"}],"endTime":1637988414561,"message":"","name":"/home/crio-user/workspace/saurabh3896-ME_QKART_FRONTEND_V2/src/__tests__/Login.test.js","startTime":1637988409500,"status":"passed","summary":""}],"wasInterrupted":false}