{"numFailedTestSuites":1,"numFailedTests":2,"numPassedTestSuites":0,"numPassedTests":14,"numPendingTestSuites":0,"numPendingTests":0,"numRuntimeErrorTestSuites":0,"numTodoTests":0,"numTotalTestSuites":1,"numTotalTests":16,"openHandles":[],"snapshot":{"added":0,"didUpdate":false,"failure":false,"filesAdded":0,"filesRemoved":0,"filesRemovedList":[],"filesUnmatched":0,"filesUpdated":0,"matched":0,"total":0,"unchecked":0,"uncheckedKeysByFile":[],"unmatched":0,"updated":0},"startTime":1638761186863,"success":false,"testResults":[{"assertionResults":[{"ancestorTitles":["Checkout Page"],"failureMessages":[],"fullName":"Checkout Page should retrieve products","location":null,"status":"passed","title":"should retrieve products"},{"ancestorTitles":["Checkout Page"],"failureMessages":[],"fullName":"Checkout Page should retieve addresses of the user","location":null,"status":"passed","title":"should retieve addresses of the user"},{"ancestorTitles":["Checkout Page"],"failureMessages":[],"fullName":"Checkout Page should retieve cart items of the user","location":null,"status":"passed","title":"should retieve cart items of the user"},{"ancestorTitles":["Checkout Page"],"failureMessages":[],"fullName":"Checkout Page should show items by parsing the response data","location":null,"status":"passed","title":"should show items by parsing the response data"},{"ancestorTitles":["Checkout Page"],"failureMessages":[],"fullName":"Checkout Page should not allow to edit quantity","location":null,"status":"passed","title":"should not allow to edit quantity"},{"ancestorTitles":["Checkout Page"],"failureMessages":[],"fullName":"Checkout Page should show user addresses","location":null,"status":"passed","title":"should show user addresses"},{"ancestorTitles":["Checkout Page"],"failureMessages":[],"fullName":"Checkout Page should have delete button for user addresses","location":null,"status":"passed","title":"should have delete button for user addresses"},{"ancestorTitles":["Checkout Page"],"failureMessages":[],"fullName":"Checkout Page should have add new address button","location":null,"status":"passed","title":"should have add new address button"},{"ancestorTitles":["Checkout Page"],"failureMessages":[],"fullName":"Checkout Page should have a place order button","location":null,"status":"passed","title":"should have a place order button"},{"ancestorTitles":["Checkout Page"],"failureMessages":[],"fullName":"Checkout Page should make an API call on clicking make payement button","location":null,"status":"passed","title":"should make an API call on clicking make payement button"},{"ancestorTitles":["Checkout Page"],"failureMessages":[],"fullName":"Checkout Page should route to /thanks after checkout successful","location":null,"status":"passed","title":"should route to /thanks after checkout successful"},{"ancestorTitles":["Checkout Page"],"failureMessages":[],"fullName":"Checkout Page should show error message if no address selected for checkout","location":null,"status":"passed","title":"should show error message if no address selected for checkout"},{"ancestorTitles":["Checkout Page"],"failureMessages":[],"fullName":"Checkout Page should show error message if low balance","location":null,"status":"passed","title":"should show error message if low balance"},{"ancestorTitles":["Checkout Page"],"failureMessages":[],"fullName":"Checkout Page has add new address button which shows textfield with action buttons","location":null,"status":"passed","title":"has add new address button which shows textfield with action buttons"},{"ancestorTitles":["Checkout Page"],"failureMessages":["Error: \u001b[2mexpect(\u001b[22m\u001b[31melement\u001b[39m\u001b[2m).toHaveValue(\u001b[22m\u001b[32mnew address for me is here\u001b[39m\u001b[2m)\u001b[22m\n\nExpected the element to have value:\n\u001b[32m  new address for me is here\u001b[39m\nReceived:\n\u001b[31m  ne\u001b[39m\n    at Object.<anonymous> (/Users/saurabhghatnekar/Documents/SaurabhWorks/workspace/saurabh3896-ME_QKART_FRONTEND_V2/src/__tests__/Checkout.test.js:282:23)\n    at _callCircusTest (/Users/saurabhghatnekar/Documents/SaurabhWorks/workspace/saurabh3896-ME_QKART_FRONTEND_V2/node_modules/jest-circus/build/run.js:212:5)\n    at _runTest (/Users/saurabhghatnekar/Documents/SaurabhWorks/workspace/saurabh3896-ME_QKART_FRONTEND_V2/node_modules/jest-circus/build/run.js:149:3)\n    at _runTestsForDescribeBlock (/Users/saurabhghatnekar/Documents/SaurabhWorks/workspace/saurabh3896-ME_QKART_FRONTEND_V2/node_modules/jest-circus/build/run.js:63:9)\n    at _runTestsForDescribeBlock (/Users/saurabhghatnekar/Documents/SaurabhWorks/workspace/saurabh3896-ME_QKART_FRONTEND_V2/node_modules/jest-circus/build/run.js:57:9)\n    at run (/Users/saurabhghatnekar/Documents/SaurabhWorks/workspace/saurabh3896-ME_QKART_FRONTEND_V2/node_modules/jest-circus/build/run.js:25:3)\n    at runAndTransformResultsToJestFormat (/Users/saurabhghatnekar/Documents/SaurabhWorks/workspace/saurabh3896-ME_QKART_FRONTEND_V2/node_modules/jest-circus/build/legacy-code-todo-rewrite/jestAdapterInit.js:176:21)\n    at jestAdapter (/Users/saurabhghatnekar/Documents/SaurabhWorks/workspace/saurabh3896-ME_QKART_FRONTEND_V2/node_modules/jest-circus/build/legacy-code-todo-rewrite/jestAdapter.js:109:19)\n    at runTestInternal (/Users/saurabhghatnekar/Documents/SaurabhWorks/workspace/saurabh3896-ME_QKART_FRONTEND_V2/node_modules/jest-runner/build/runTest.js:380:16)\n    at runTest (/Users/saurabhghatnekar/Documents/SaurabhWorks/workspace/saurabh3896-ME_QKART_FRONTEND_V2/node_modules/jest-runner/build/runTest.js:472:34)\n    at Object.worker (/Users/saurabhghatnekar/Documents/SaurabhWorks/workspace/saurabh3896-ME_QKART_FRONTEND_V2/node_modules/jest-runner/build/testWorker.js:133:12)"],"fullName":"Checkout Page allows to add new address","location":null,"status":"failed","title":"allows to add new address"},{"ancestorTitles":["Checkout Page"],"failureMessages":["Error: \u001b[2mexpect(\u001b[22m\u001b[31mreceived\u001b[39m\u001b[2m).\u001b[22mtoBeNull\u001b[2m()\u001b[22m\n\nReceived: \u001b[31m<p class=\"MuiTypography-root MuiTypography-body1 css-12ct127-MuiTypography-root\">Some address man, just get it over with!</p>\u001b[39m\n    at Object.<anonymous> (/Users/saurabhghatnekar/Documents/SaurabhWorks/workspace/saurabh3896-ME_QKART_FRONTEND_V2/src/__tests__/Checkout.test.js:325:49)\n    at _callCircusTest (/Users/saurabhghatnekar/Documents/SaurabhWorks/workspace/saurabh3896-ME_QKART_FRONTEND_V2/node_modules/jest-circus/build/run.js:212:5)\n    at _runTest (/Users/saurabhghatnekar/Documents/SaurabhWorks/workspace/saurabh3896-ME_QKART_FRONTEND_V2/node_modules/jest-circus/build/run.js:149:3)\n    at _runTestsForDescribeBlock (/Users/saurabhghatnekar/Documents/SaurabhWorks/workspace/saurabh3896-ME_QKART_FRONTEND_V2/node_modules/jest-circus/build/run.js:63:9)\n    at _runTestsForDescribeBlock (/Users/saurabhghatnekar/Documents/SaurabhWorks/workspace/saurabh3896-ME_QKART_FRONTEND_V2/node_modules/jest-circus/build/run.js:57:9)\n    at run (/Users/saurabhghatnekar/Documents/SaurabhWorks/workspace/saurabh3896-ME_QKART_FRONTEND_V2/node_modules/jest-circus/build/run.js:25:3)\n    at runAndTransformResultsToJestFormat (/Users/saurabhghatnekar/Documents/SaurabhWorks/workspace/saurabh3896-ME_QKART_FRONTEND_V2/node_modules/jest-circus/build/legacy-code-todo-rewrite/jestAdapterInit.js:176:21)\n    at jestAdapter (/Users/saurabhghatnekar/Documents/SaurabhWorks/workspace/saurabh3896-ME_QKART_FRONTEND_V2/node_modules/jest-circus/build/legacy-code-todo-rewrite/jestAdapter.js:109:19)\n    at runTestInternal (/Users/saurabhghatnekar/Documents/SaurabhWorks/workspace/saurabh3896-ME_QKART_FRONTEND_V2/node_modules/jest-runner/build/runTest.js:380:16)\n    at runTest (/Users/saurabhghatnekar/Documents/SaurabhWorks/workspace/saurabh3896-ME_QKART_FRONTEND_V2/node_modules/jest-runner/build/runTest.js:472:34)\n    at Object.worker (/Users/saurabhghatnekar/Documents/SaurabhWorks/workspace/saurabh3896-ME_QKART_FRONTEND_V2/node_modules/jest-runner/build/testWorker.js:133:12)"],"fullName":"Checkout Page allows to delete address","location":null,"status":"failed","title":"allows to delete address"}],"endTime":1638761195948,"message":"\u001b[1m\u001b[31m  \u001b[1m● \u001b[22m\u001b[1mCheckout Page › allows to add new address\u001b[39m\u001b[22m\n\n    \u001b[2mexpect(\u001b[22m\u001b[31melement\u001b[39m\u001b[2m).toHaveValue(\u001b[22m\u001b[32mnew address for me is here\u001b[39m\u001b[2m)\u001b[22m\n\n    Expected the element to have value:\n    \u001b[32m  new address for me is here\u001b[39m\n    Received:\n    \u001b[31m  ne\u001b[39m\n\u001b[2m\u001b[22m\n\u001b[2m    \u001b[0m \u001b[90m 280 |\u001b[39m     \u001b[36mawait\u001b[39m userEvent\u001b[33m.\u001b[39mtype(textField\u001b[33m,\u001b[39m \u001b[32m\"new address for me is here\"\u001b[39m\u001b[33m,\u001b[39m { delay\u001b[33m:\u001b[39m \u001b[35m1\u001b[39m })\u001b[33m;\u001b[39m\u001b[0m\u001b[22m\n\u001b[2m    \u001b[0m \u001b[90m 281 |\u001b[39m\u001b[0m\u001b[22m\n\u001b[2m    \u001b[0m\u001b[31m\u001b[1m>\u001b[22m\u001b[2m\u001b[39m\u001b[90m 282 |\u001b[39m     expect(textField)\u001b[33m.\u001b[39mtoHaveValue(\u001b[32m\"new address for me is here\"\u001b[39m)\u001b[33m;\u001b[39m\u001b[0m\u001b[22m\n\u001b[2m    \u001b[0m \u001b[90m     |\u001b[39m                       \u001b[31m\u001b[1m^\u001b[22m\u001b[2m\u001b[39m\u001b[0m\u001b[22m\n\u001b[2m    \u001b[0m \u001b[90m 283 |\u001b[39m\u001b[0m\u001b[22m\n\u001b[2m    \u001b[0m \u001b[90m 284 |\u001b[39m     \u001b[36mconst\u001b[39m addBtn2 \u001b[33m=\u001b[39m screen\u001b[33m.\u001b[39mgetByRole(\u001b[32m\"button\"\u001b[39m\u001b[33m,\u001b[39m { name\u001b[33m:\u001b[39m \u001b[35m/add/i\u001b[39m })\u001b[33m;\u001b[39m\u001b[0m\u001b[22m\n\u001b[2m    \u001b[0m \u001b[90m 285 |\u001b[39m     \u001b[36mawait\u001b[39m act(\u001b[36masync\u001b[39m () \u001b[33m=>\u001b[39m {\u001b[0m\u001b[22m\n\u001b[2m\u001b[22m\n\u001b[2m      \u001b[2mat Object.<anonymous> (\u001b[22m\u001b[2m\u001b[0m\u001b[36msrc/__tests__/Checkout.test.js\u001b[39m\u001b[0m\u001b[2m:282:23)\u001b[22m\u001b[2m\u001b[22m\n\n\u001b[1m\u001b[31m  \u001b[1m● \u001b[22m\u001b[1mCheckout Page › allows to delete address\u001b[39m\u001b[22m\n\n    \u001b[2mexpect(\u001b[22m\u001b[31mreceived\u001b[39m\u001b[2m).\u001b[22mtoBeNull\u001b[2m()\u001b[22m\n\n    Received: \u001b[31m<p class=\"MuiTypography-root MuiTypography-body1 css-12ct127-MuiTypography-root\">Some address man, just get it over with!</p>\u001b[39m\n\u001b[2m\u001b[22m\n\u001b[2m    \u001b[0m \u001b[90m 323 |\u001b[39m     )\u001b[33m;\u001b[39m\u001b[0m\u001b[22m\n\u001b[2m    \u001b[0m \u001b[90m 324 |\u001b[39m\u001b[0m\u001b[22m\n\u001b[2m    \u001b[0m\u001b[31m\u001b[1m>\u001b[22m\u001b[2m\u001b[39m\u001b[90m 325 |\u001b[39m     expect(screen\u001b[33m.\u001b[39mqueryByText(\u001b[35m/Some address/i\u001b[39m))\u001b[33m.\u001b[39mtoBeNull()\u001b[33m;\u001b[39m\u001b[0m\u001b[22m\n\u001b[2m    \u001b[0m \u001b[90m     |\u001b[39m                                                 \u001b[31m\u001b[1m^\u001b[22m\u001b[2m\u001b[39m\u001b[0m\u001b[22m\n\u001b[2m    \u001b[0m \u001b[90m 326 |\u001b[39m   })\u001b[33m;\u001b[39m\u001b[0m\u001b[22m\n\u001b[2m    \u001b[0m \u001b[90m 327 |\u001b[39m })\u001b[33m;\u001b[39m\u001b[0m\u001b[22m\n\u001b[2m\u001b[22m\n\u001b[2m      \u001b[2mat Object.<anonymous> (\u001b[22m\u001b[2m\u001b[0m\u001b[36msrc/__tests__/Checkout.test.js\u001b[39m\u001b[0m\u001b[2m:325:49)\u001b[22m\u001b[2m\u001b[22m\n","name":"/Users/saurabhghatnekar/Documents/SaurabhWorks/workspace/saurabh3896-ME_QKART_FRONTEND_V2/src/__tests__/Checkout.test.js","startTime":1638761188244,"status":"failed","summary":""}],"wasInterrupted":false}